The Content Security Policy directive 'frame-ancestors' is ignored when delivered via a <meta> element.
The Content Security Policy directive 'frame-ancestors' is ignored when delivered via a <meta> element.
The Content Security Policy directive 'frame-ancestors' is ignored when delivered via a <meta> element.
The Content Security Policy directive 'frame-ancestors' is ignored when delivered via a <meta> element.
The Content Security Policy directive 'frame-ancestors' is ignored when delivered via a <meta> element.
The Content Security Policy directive 'frame-ancestors' is ignored when delivered via a <meta> element.
The Content Security Policy directive 'frame-ancestors' is ignored when delivered via a <meta> element.
tone.js?v=90f3c574:9688  * Tone.js v15.1.22 * 
The AudioContext was not allowed to start. It must be resumed (or created) after a user gesture on the page. <URL>
The AudioContext was not allowed to start. It must be resumed (or created) after a user gesture on the page. <URL>
The AudioContext was not allowed to start. It must be resumed (or created) after a user gesture on the page. <URL>
The AudioContext was not allowed to start. It must be resumed (or created) after a user gesture on the page. <URL>
The AudioContext was not allowed to start. It must be resumed (or created) after a user gesture on the page. <URL>
The AudioContext was not allowed to start. It must be resumed (or created) after a user gesture on the page. <URL>
The AudioContext was not allowed to start. It must be resumed (or created) after a user gesture on the page. <URL>
client:1476 [vite] connecting...
(index):161 Uncaught TypeError: Cannot read properties of undefined (reading 'PROD')
    at (index):161:24
(anonymous) @ (index):161
OrbitSystem.js:54 OrbitSystem initialized with 9 electrons
OrbitSystem.js:233 OrbitSystem started
ProjectBento.astro:2284 [GLB] setupGalleryClickHandlers: found cards = 8
ProjectBento.astro:2292 [GLB] card bound. items = 6 clickables = 6
ProjectBento.astro:2292 [GLB] card bound. items = 4 clickables = 4
ProjectBento.astro:2292 [GLB] card bound. items = 6 clickables = 6
ProjectBento.astro:2292 [GLB] card bound. items = 3 clickables = 3
ProjectBento.astro:2292 [GLB] card bound. items = 2 clickables = 2
ProjectBento.astro:2292 [GLB] card bound. items = 5 clickables = 5
ProjectBento.astro:2292 [GLB] card bound. items = 2 clickables = 2
ProjectBento.astro:2292 [GLB] card bound. items = 2 clickables = 2
(index):95 GSAP not available for performance monitoring
(anonymous) @ (index):95
The Content Security Policy directive 'frame-ancestors' is ignored when delivered via a <meta> element.
The Content Security Policy directive 'frame-ancestors' is ignored when delivered via a <meta> element.
(index):1 The Content Security Policy directive 'frame-ancestors' is ignored when delivered via a <meta> element.
(index):1 The Content Security Policy directive 'frame-ancestors' is ignored when delivered via a <meta> element.
client:1599 [vite] connected.
[Violation] Added non-passive event listener to a scroll-blocking <some> event. Consider marking event handler as 'passive' to make the page more responsive. See <URL>
[Violation] Added non-passive event listener to a scroll-blocking <some> event. Consider marking event handler as 'passive' to make the page more responsive. See <URL>
[Violation] Added non-passive event listener to a scroll-blocking <some> event. Consider marking event handler as 'passive' to make the page more responsive. See <URL>
[Violation] Added non-passive event listener to a scroll-blocking <some> event. Consider marking event handler as 'passive' to make the page more responsive. See <URL>
[Violation] Added non-passive event listener to a scroll-blocking <some> event. Consider marking event handler as 'passive' to make the page more responsive. See <URL>
[Violation] Added non-passive event listener to a scroll-blocking <some> event. Consider marking event handler as 'passive' to make the page more responsive. See <URL>
[Violation] Added non-passive event listener to a scroll-blocking <some> event. Consider marking event handler as 'passive' to make the page more responsive. See <URL>
[Violation] Added non-passive event listener to a scroll-blocking <some> event. Consider marking event handler as 'passive' to make the page more responsive. See <URL>
[Violation] Added non-passive event listener to a scroll-blocking <some> event. Consider marking event handler as 'passive' to make the page more responsive. See <URL>
[Violation] Added non-passive event listener to a scroll-blocking <some> event. Consider marking event handler as 'passive' to make the page more responsive. See <URL>
[Violation] Added non-passive event listener to a scroll-blocking <some> event. Consider marking event handler as 'passive' to make the page more responsive. See <URL>
[Violation] Added non-passive event listener to a scroll-blocking <some> event. Consider marking event handler as 'passive' to make the page more responsive. See <URL>
[Violation] Added non-passive event listener to a scroll-blocking <some> event. Consider marking event handler as 'passive' to make the page more responsive. See <URL>
[Violation] Added non-passive event listener to a scroll-blocking <some> event. Consider marking event handler as 'passive' to make the page more responsive. See <URL>
[Violation] Added non-passive event listener to a scroll-blocking <some> event. Consider marking event handler as 'passive' to make the page more responsive. See <URL>
[Violation] 'setTimeout' handler took <N>ms
[Violation] 'setTimeout' handler took <N>ms
[Violation] 'setTimeout' handler took <N>ms
[Violation] 'setTimeout' handler took <N>ms
[Violation] 'setTimeout' handler took <N>ms
[Violation] 'setTimeout' handler took <N>ms
